<?xml version="1.0" encoding="UTF-8"?>
<testsuite xmlns:xsi="http://www.w3.org/2001/XMLSchema-instance" xsi:noNamespaceSchemaLocation="https://maven.apache.org/surefire/maven-surefire-plugin/xsd/surefire-test-report-3.0.xsd" version="3.0" name="com.example.project.DatabaseConnectionTest" time="4.969" tests="1" errors="0" skipped="0" failures="0">
  <properties>
[...]
</properties>
  <testcase name="testConnection" classname="com.example.project.DatabaseConnectionTest" time="0.709">
    <system-out><![CDATA[18:28:03.276 [main] INFO org.springframework.test.context.support.AnnotationConfigContextLoaderUtils -- Could not detect default configuration classes for test class [com.example.project.DatabaseConnectionTest]: DatabaseConnectionTest does not declare any static, non-private, non-final, nested classes annotated with @Configuration.
18:28:03.394 [main] INFO org.springframework.boot.test.context.SpringBootTestContextBootstrapper -- Found @SpringBootConfiguration com.example.project.ProjectApplication for test class com.example.project.DatabaseConnectionTest

  .   ____          _            __ _ _
 /\\ / ___'_ __ _ _(_)_ __  __ _ \ \ \ \
( ( )\___ | '_ | '_| | '_ \/ _` | \ \ \ \
 \\/  ___)| |_)| | | | | || (_| |  ) ) ) )
  '  |____| .__|_| |_|_| |_\__, | / / / /
 =========|_|==============|___/=/_/_/_/
 :: Spring Boot ::                (v3.2.5)

2025-12-22 18:28:04 [main] INFO  c.e.project.DatabaseConnectionTest - Starting DatabaseConnectionTest using Java 17.0.17 with PID 6264 (started by Administrator in D:\大学就业指导\项目相关\项目落地（全栈）\传智杯项目\backend)
2025-12-22 18:28:04 [main] DEBUG c.e.project.DatabaseConnectionTest - Running with Spring Boot v3.2.5, Spring v6.1.6
2025-12-22 18:28:04 [main] INFO  c.e.project.DatabaseConnectionTest - No active profile set, falling back to 1 default profile: "default"
2025-12-22 18:28:04 [main] INFO  o.s.c.c.c.ConfigServerConfigDataLoader - Fetching config from server at : http://localhost:8888
2025-12-22 18:28:04 [main] INFO  o.s.c.c.c.ConfigServerConfigDataLoader - Exception on Url - http://localhost:8888:org.springframework.web.client.ResourceAccessException: I/O error on GET request for "http://localhost:8888/springboot-scaffold/default": Connection refused: no further information. Will be trying the next url if available
2025-12-22 18:28:04 [main] WARN  o.s.c.c.c.ConfigServerConfigDataLoader - Could not locate PropertySource ([ConfigServerConfigDataResource@2dd8239 uris = array<String>['http://localhost:8888'], optional = true, profiles = 'default']): I/O error on GET request for "http://localhost:8888/springboot-scaffold/default": Connection refused: no further information
2025-12-22 18:28:04 [main] INFO  o.s.c.c.c.ConfigServerConfigDataLoader - Fetching config from server at : http://localhost:8888
2025-12-22 18:28:04 [main] INFO  o.s.c.c.c.ConfigServerConfigDataLoader - Exception on Url - http://localhost:8888:org.springframework.web.client.ResourceAccessException: I/O error on GET request for "http://localhost:8888/springboot-scaffold/default": Connection refused: no further information. Will be trying the next url if available
2025-12-22 18:28:04 [main] WARN  o.s.c.c.c.ConfigServerConfigDataLoader - Could not locate PropertySource ([ConfigServerConfigDataResource@2bebb74f uris = array<String>['http://localhost:8888'], optional = true, profiles = 'default']): I/O error on GET request for "http://localhost:8888/springboot-scaffold/default": Connection refused: no further information
2025-12-22 18:28:04 [main] INFO  o.s.c.c.c.ConfigServerConfigDataLoader - Fetching config from server at : http://localhost:8888
2025-12-22 18:28:04 [main] INFO  o.s.c.c.c.ConfigServerConfigDataLoader - Exception on Url - http://localhost:8888:org.springframework.web.client.ResourceAccessException: I/O error on GET request for "http://localhost:8888/springboot-scaffold/default": Connection refused: no further information. Will be trying the next url if available
2025-12-22 18:28:04 [main] WARN  o.s.c.c.c.ConfigServerConfigDataLoader - Could not locate PropertySource ([ConfigServerConfigDataResource@58cf8f94 uris = array<String>['http://localhost:8888'], optional = true, profiles = 'default']): I/O error on GET request for "http://localhost:8888/springboot-scaffold/default": Connection refused: no further information
2025-12-22 18:28:04 [main] INFO  o.s.d.r.c.RepositoryConfigurationDelegate - Multiple Spring Data modules found, entering strict repository configuration mode
2025-12-22 18:28:04 [main] INFO  o.s.d.r.c.RepositoryConfigurationDelegate - Bootstrapping Spring Data JPA repositories in DEFAULT mode.
2025-12-22 18:28:04 [main] INFO  o.s.d.r.c.RepositoryConfigurationDelegate - Finished Spring Data repository scanning in 136 ms. Found 1 JPA repository interface.
2025-12-22 18:28:05 [main] INFO  o.h.jpa.internal.util.LogHelper - HHH000204: Processing PersistenceUnitInfo [name: default]
2025-12-22 18:28:05 [main] INFO  org.hibernate.Version - HHH000412: Hibernate ORM core version 6.4.4.Final
2025-12-22 18:28:05 [main] INFO  o.h.c.i.RegionFactoryInitiator - HHH000026: Second-level cache disabled
2025-12-22 18:28:05 [main] INFO  o.s.o.j.p.SpringPersistenceUnitInfo - No LoadTimeWeaver setup: ignoring JPA class transformer
2025-12-22 18:28:05 [main] INFO  com.zaxxer.hikari.HikariDataSource - HikariCP - Starting...
2025-12-22 18:28:06 [main] INFO  com.zaxxer.hikari.pool.HikariPool - HikariCP - Added connection com.mysql.cj.jdbc.ConnectionImpl@71a2df1
2025-12-22 18:28:06 [main] INFO  com.zaxxer.hikari.HikariDataSource - HikariCP - Start completed.
2025-12-22 18:28:06 [main] WARN  org.hibernate.orm.deprecation - HHH90000025: MySQLDialect does not need to be specified explicitly using 'hibernate.dialect' (remove the property setting and it will be selected by default)
2025-12-22 18:28:06 [main] INFO  o.h.e.t.j.p.i.JtaPlatformInitiator - HHH000489: No JTA platform available (set 'hibernate.transaction.jta.platform' to enable JTA platform integration)
2025-12-22 18:28:07 [main] INFO  o.s.o.j.LocalContainerEntityManagerFactoryBean - Initialized JPA EntityManagerFactory for persistence unit 'default'
2025-12-22 18:28:07 [main] INFO  c.e.project.DatabaseConnectionTest - Started DatabaseConnectionTest in 3.904 seconds (process running for 4.78)
========================================
✅ 数据库连接测试成功！
当前数据库: MySQL
数据库版本: 8.0.36
连接URL: jdbc:mysql://62.234.128.72:3306/ideaspark?useUnicode=true&characterEncoding=utf8&serverTimezone=Asia/Shanghai&allowPublicKeyRetrieval=true&useSSL=false
========================================
]]></system-out>
  </testcase>
</testsuite>